<?xml version="1.0" encoding="UTF-8"?>
<!-- Generated by org.testng.reporters.JUnitReportReporter -->
<testsuite hostname="INGBTCPIC5NB699" name="com.philips.testscripts.LinkAdvanced" tests="1" failures="0" timestamp="28 Oct 2015 14:47:36 GMT" time="4.799" errors="0">
  <testcase name="testLinkingMultiFragment" time="4.799" classname="com.philips.testscripts.LinkAdvanced"/>
</testsuite> <!-- com.philips.testscripts.LinkAdvanced -->
