<?xml version="1.0" encoding="UTF-8"?>
<!-- Generated by org.testng.reporters.JUnitReportReporter -->
<testsuite hostname="INGBTCPIC5NB699" name="com.philips.SATscripts.LoginTest" tests="1" failures="0" timestamp="6 Jan 2016 06:58:18 GMT" time="2.835" errors="0">
  <testcase name="loginTest" time="2.835" classname="com.philips.SATscripts.LoginTest"/>
</testsuite> <!-- com.philips.SATscripts.LoginTest -->
