<?xml version="1.0" encoding="UTF-8"?>
<!-- Generated by org.testng.reporters.JUnitReportReporter -->
<testsuite hostname="INGBTCPIC5NB699" name="com.philips.SATscripts.UnlinkTests" tests="1" failures="0" timestamp="15 Dec 2015 05:57:00 GMT" time="45.183" errors="0">
  <testcase name="unlinkLeastWeightedFragment" time="45.183" classname="com.philips.SATscripts.UnlinkTests"/>
</testsuite> <!-- com.philips.SATscripts.UnlinkTests -->
