<?xml version="1.0" encoding="UTF-8"?>
<!-- Generated by org.testng.reporters.JUnitReportReporter -->
<testsuite hostname="INGBTCPIC5NB699" name="com.philips.SATscripts.DataDriven" tests="15" failures="0" timestamp="26 Jan 2016 18:28:08 GMT" time="1.744" errors="0">
  <testcase name="testPatientData" time="0.001" classname="com.philips.SATscripts.DataDriven"/>
  <testcase name="testPatientData" time="0.002" classname="com.philips.SATscripts.DataDriven"/>
  <testcase name="testPatientData" time="0.000" classname="com.philips.SATscripts.DataDriven"/>
  <testcase name="testPatientData" time="0.002" classname="com.philips.SATscripts.DataDriven"/>
  <testcase name="testPatientData" time="0.002" classname="com.philips.SATscripts.DataDriven"/>
  <testcase name="getHeaders" time="1.573" classname="com.philips.SATscripts.DataDriven"/>
  <testcase name="testPatientData" time="0.001" classname="com.philips.SATscripts.DataDriven"/>
  <testcase name="testPatientData" time="0.000" classname="com.philips.SATscripts.DataDriven"/>
  <testcase name="testPatientData" time="0.003" classname="com.philips.SATscripts.DataDriven"/>
  <testcase name="testPatientData" time="0.004" classname="com.philips.SATscripts.DataDriven"/>
  <testcase name="testPatientData" time="0.001" classname="com.philips.SATscripts.DataDriven"/>
  <testcase name="testDataProvider" time="0.016" classname="com.philips.SATscripts.DataDriven"/>
  <testcase name="getTestData" time="0.137" classname="com.philips.SATscripts.DataDriven"/>
  <testcase name="testDataProvider" time="0.000" classname="com.philips.SATscripts.DataDriven"/>
  <testcase name="testDataProvider" time="0.002" classname="com.philips.SATscripts.DataDriven"/>
</testsuite> <!-- com.philips.SATscripts.DataDriven -->
