<?xml version="1.0" encoding="UTF-8"?>
<!-- Generated by org.testng.reporters.JUnitReportReporter -->
<testsuite hostname="INGBTCPIC5NB699" name="com.philips.testscripts.LinkBasicTests" tests="1" failures="0" timestamp="17 Nov 2015 06:40:15 GMT" time="62.354" errors="0">
  <testcase name="testLinkingSingleFragment" time="62.354" classname="com.philips.testscripts.LinkBasicTests"/>
</testsuite> <!-- com.philips.testscripts.LinkBasicTests -->
