<?xml version="1.0" encoding="UTF-8"?>
<!-- Generated by org.testng.reporters.JUnitReportReporter -->
<testsuite hostname="INGBTCPIC5NB699" name="com.philips.SATscripts.LinkBasicTests" tests="1" failures="0" timestamp="29 Jan 2016 14:44:27 GMT" time="60.213" errors="0">
  <testcase name="testLinkingSingleFragment" time="60.213" classname="com.philips.SATscripts.LinkBasicTests"/>
</testsuite> <!-- com.philips.SATscripts.LinkBasicTests -->
